[2025-04-17T11:38:43.375+0000] {local_task_job_runner.py:123} INFO - ::group::Pre task execution logs
[2025-04-17T11:38:43.437+0000] {taskinstance.py:2613} INFO - Dependencies all met for dep_context=non-requeueable deps ti=<TaskInstance: full_pipeline.extract_yellow scheduled__2025-04-17T10:00:00+00:00 [queued]>
[2025-04-17T11:38:43.453+0000] {taskinstance.py:2613} INFO - Dependencies all met for dep_context=requeueable deps ti=<TaskInstance: full_pipeline.extract_yellow scheduled__2025-04-17T10:00:00+00:00 [queued]>
[2025-04-17T11:38:43.453+0000] {taskinstance.py:2866} INFO - Starting attempt 2 of 2
[2025-04-17T11:38:43.476+0000] {taskinstance.py:2889} INFO - Executing <Task(BashOperator): extract_yellow> on 2025-04-17 10:00:00+00:00
[2025-04-17T11:38:43.482+0000] {standard_task_runner.py:72} INFO - Started process 317 to run task
[2025-04-17T11:38:43.485+0000] {standard_task_runner.py:104} INFO - Running: ['airflow', 'tasks', 'run', 'full_pipeline', 'extract_yellow', 'scheduled__2025-04-17T10:00:00+00:00', '--job-id', '820', '--raw', '--subdir', 'DAGS_FOLDER/full_pipeline_dag.py', '--cfg-path', '/tmp/tmphsif7pd1']
[2025-04-17T11:38:43.488+0000] {standard_task_runner.py:105} INFO - Job 820: Subtask extract_yellow
[2025-04-17T11:38:43.680+0000] {task_command.py:467} INFO - Running <TaskInstance: full_pipeline.extract_yellow scheduled__2025-04-17T10:00:00+00:00 [running]> on host 04906466de51
[2025-04-17T11:38:43.934+0000] {taskinstance.py:3132} INFO - Exporting env vars: AIRFLOW_CTX_DAG_OWNER='data_team' AIRFLOW_CTX_DAG_ID='full_pipeline' AIRFLOW_CTX_TASK_ID='extract_yellow' AIRFLOW_CTX_EXECUTION_DATE='2025-04-17T10:00:00+00:00' AIRFLOW_CTX_TRY_NUMBER='2' AIRFLOW_CTX_DAG_RUN_ID='scheduled__2025-04-17T10:00:00+00:00'
[2025-04-17T11:38:43.935+0000] {taskinstance.py:731} INFO - ::endgroup::
[2025-04-17T11:38:43.955+0000] {subprocess.py:78} INFO - Tmp dir root location: /tmp
[2025-04-17T11:38:43.957+0000] {subprocess.py:88} INFO - Running command: ['/usr/bin/bash', '-c', 'python D:\\Course\\EPSI M1 IA\\Cours\\Data pipeline\\MinIO/extract/fetch_yellow_trip.py']
[2025-04-17T11:38:43.968+0000] {subprocess.py:99} INFO - Output:
[2025-04-17T11:38:43.995+0000] {subprocess.py:106} INFO - python: can't open file '/tmp/airflowtmpa5sxxhqg/D:CourseEPSI': [Errno 2] No such file or directory
[2025-04-17T11:38:43.998+0000] {subprocess.py:110} INFO - Command exited with return code 2
[2025-04-17T11:38:44.058+0000] {taskinstance.py:3311} ERROR - Task failed with exception
Traceback (most recent call last):
  File "/home/airflow/.local/lib/python3.12/site-packages/airflow/models/taskinstance.py", line 767, in _execute_task
    result = _execute_callable(context=context, **execute_callable_kwargs)
             ^^^^^^^^^^^^^^^^^^^^^^^^^^^^^^^^^^^^^^^^^^^^^^^^^^^^^^^^^^^^^
  File "/home/airflow/.local/lib/python3.12/site-packages/airflow/models/taskinstance.py", line 733, in _execute_callable
    return ExecutionCallableRunner(
           ^^^^^^^^^^^^^^^^^^^^^^^^
  File "/home/airflow/.local/lib/python3.12/site-packages/airflow/utils/operator_helpers.py", line 252, in run
    return self.func(*args, **kwargs)
           ^^^^^^^^^^^^^^^^^^^^^^^^^^
  File "/home/airflow/.local/lib/python3.12/site-packages/airflow/models/baseoperator.py", line 422, in wrapper
    return func(self, *args, **kwargs)
           ^^^^^^^^^^^^^^^^^^^^^^^^^^^
  File "/home/airflow/.local/lib/python3.12/site-packages/airflow/operators/bash.py", line 276, in execute
    raise AirflowException(
airflow.exceptions.AirflowException: Bash command failed. The command returned a non-zero exit code 2.
[2025-04-17T11:38:44.072+0000] {taskinstance.py:1225} INFO - Marking task as FAILED. dag_id=full_pipeline, task_id=extract_yellow, run_id=scheduled__2025-04-17T10:00:00+00:00, execution_date=20250417T100000, start_date=20250417T113843, end_date=20250417T113844
[2025-04-17T11:38:44.099+0000] {taskinstance.py:340} INFO - ::group::Post task execution logs
[2025-04-17T11:38:44.099+0000] {standard_task_runner.py:124} ERROR - Failed to execute job 820 for task extract_yellow (Bash command failed. The command returned a non-zero exit code 2.; 317)
Traceback (most recent call last):
  File "/home/airflow/.local/lib/python3.12/site-packages/airflow/task/task_runner/standard_task_runner.py", line 117, in _start_by_fork
    ret = args.func(args, dag=self.dag)
          ^^^^^^^^^^^^^^^^^^^^^^^^^^^^^
  File "/home/airflow/.local/lib/python3.12/site-packages/airflow/cli/cli_config.py", line 49, in command
    return func(*args, **kwargs)
           ^^^^^^^^^^^^^^^^^^^^^
  File "/home/airflow/.local/lib/python3.12/site-packages/airflow/utils/cli.py", line 116, in wrapper
    return f(*args, **kwargs)
           ^^^^^^^^^^^^^^^^^^
  File "/home/airflow/.local/lib/python3.12/site-packages/airflow/cli/commands/task_command.py", line 483, in task_run
    task_return_code = _run_task_by_selected_method(args, _dag, ti)
                       ^^^^^^^^^^^^^^^^^^^^^^^^^^^^^^^^^^^^^^^^^^^^
  File "/home/airflow/.local/lib/python3.12/site-packages/airflow/cli/commands/task_command.py", line 256, in _run_task_by_selected_method
    return _run_raw_task(args, ti)
           ^^^^^^^^^^^^^^^^^^^^^^^
  File "/home/airflow/.local/lib/python3.12/site-packages/airflow/cli/commands/task_command.py", line 341, in _run_raw_task
    return ti._run_raw_task(
           ^^^^^^^^^^^^^^^^^
  File "/home/airflow/.local/lib/python3.12/site-packages/airflow/utils/session.py", line 97, in wrapper
    return func(*args, session=session, **kwargs)
           ^^^^^^^^^^^^^^^^^^^^^^^^^^^^^^^^^^^^^^
  File "/home/airflow/.local/lib/python3.12/site-packages/airflow/models/taskinstance.py", line 3005, in _run_raw_task
    return _run_raw_task(
           ^^^^^^^^^^^^^^
  File "/home/airflow/.local/lib/python3.12/site-packages/airflow/models/taskinstance.py", line 273, in _run_raw_task
    TaskInstance._execute_task_with_callbacks(
  File "/home/airflow/.local/lib/python3.12/site-packages/airflow/models/taskinstance.py", line 3159, in _execute_task_with_callbacks
    result = self._execute_task(context, task_orig)
             ^^^^^^^^^^^^^^^^^^^^^^^^^^^^^^^^^^^^^^
  File "/home/airflow/.local/lib/python3.12/site-packages/airflow/models/taskinstance.py", line 3183, in _execute_task
    return _execute_task(self, context, task_orig)
           ^^^^^^^^^^^^^^^^^^^^^^^^^^^^^^^^^^^^^^^
  File "/home/airflow/.local/lib/python3.12/site-packages/airflow/models/taskinstance.py", line 767, in _execute_task
    result = _execute_callable(context=context, **execute_callable_kwargs)
             ^^^^^^^^^^^^^^^^^^^^^^^^^^^^^^^^^^^^^^^^^^^^^^^^^^^^^^^^^^^^^
  File "/home/airflow/.local/lib/python3.12/site-packages/airflow/models/taskinstance.py", line 733, in _execute_callable
    return ExecutionCallableRunner(
           ^^^^^^^^^^^^^^^^^^^^^^^^
  File "/home/airflow/.local/lib/python3.12/site-packages/airflow/utils/operator_helpers.py", line 252, in run
    return self.func(*args, **kwargs)
           ^^^^^^^^^^^^^^^^^^^^^^^^^^
  File "/home/airflow/.local/lib/python3.12/site-packages/airflow/models/baseoperator.py", line 422, in wrapper
    return func(self, *args, **kwargs)
           ^^^^^^^^^^^^^^^^^^^^^^^^^^^
  File "/home/airflow/.local/lib/python3.12/site-packages/airflow/operators/bash.py", line 276, in execute
    raise AirflowException(
airflow.exceptions.AirflowException: Bash command failed. The command returned a non-zero exit code 2.
[2025-04-17T11:38:44.142+0000] {local_task_job_runner.py:266} INFO - Task exited with return code 1
[2025-04-17T11:38:44.219+0000] {taskinstance.py:3895} INFO - 0 downstream tasks scheduled from follow-on schedule check
[2025-04-17T11:38:44.232+0000] {local_task_job_runner.py:245} INFO - ::endgroup::
[2025-04-17T11:55:39.851+0000] {local_task_job_runner.py:123} INFO - ::group::Pre task execution logs
[2025-04-17T11:55:39.904+0000] {taskinstance.py:2613} INFO - Dependencies all met for dep_context=non-requeueable deps ti=<TaskInstance: full_pipeline.extract_yellow scheduled__2025-04-17T10:00:00+00:00 [queued]>
[2025-04-17T11:55:39.920+0000] {taskinstance.py:2613} INFO - Dependencies all met for dep_context=requeueable deps ti=<TaskInstance: full_pipeline.extract_yellow scheduled__2025-04-17T10:00:00+00:00 [queued]>
[2025-04-17T11:55:39.921+0000] {taskinstance.py:2866} INFO - Starting attempt 2 of 2
[2025-04-17T11:55:39.938+0000] {taskinstance.py:2889} INFO - Executing <Task(BashOperator): extract_yellow> on 2025-04-17 10:00:00+00:00
[2025-04-17T11:55:39.942+0000] {standard_task_runner.py:72} INFO - Started process 277 to run task
[2025-04-17T11:55:39.946+0000] {standard_task_runner.py:104} INFO - Running: ['airflow', 'tasks', 'run', 'full_pipeline', 'extract_yellow', 'scheduled__2025-04-17T10:00:00+00:00', '--job-id', '831', '--raw', '--subdir', 'DAGS_FOLDER/full_pipeline_dag.py', '--cfg-path', '/tmp/tmp6ifd8z6g']
[2025-04-17T11:55:39.949+0000] {standard_task_runner.py:105} INFO - Job 831: Subtask extract_yellow
[2025-04-17T11:55:40.119+0000] {task_command.py:467} INFO - Running <TaskInstance: full_pipeline.extract_yellow scheduled__2025-04-17T10:00:00+00:00 [running]> on host 7ae1eeca3b92
[2025-04-17T11:55:40.421+0000] {taskinstance.py:3132} INFO - Exporting env vars: AIRFLOW_CTX_DAG_OWNER='data_team' AIRFLOW_CTX_DAG_ID='full_pipeline' AIRFLOW_CTX_TASK_ID='extract_yellow' AIRFLOW_CTX_EXECUTION_DATE='2025-04-17T10:00:00+00:00' AIRFLOW_CTX_TRY_NUMBER='2' AIRFLOW_CTX_DAG_RUN_ID='scheduled__2025-04-17T10:00:00+00:00'
[2025-04-17T11:55:40.421+0000] {taskinstance.py:731} INFO - ::endgroup::
[2025-04-17T11:55:40.435+0000] {subprocess.py:78} INFO - Tmp dir root location: /tmp
[2025-04-17T11:55:40.436+0000] {subprocess.py:88} INFO - Running command: ['/usr/bin/bash', '-c', 'python D:\\Course\\EPSI M1 IA\\Cours\\Data pipeline\\MinIO/extract/fetch_yellow_trip.py']
[2025-04-17T11:55:40.442+0000] {subprocess.py:99} INFO - Output:
[2025-04-17T11:55:40.467+0000] {subprocess.py:106} INFO - python: can't open file '/tmp/airflowtmpq4um2xtv/D:CourseEPSI': [Errno 2] No such file or directory
[2025-04-17T11:55:40.469+0000] {subprocess.py:110} INFO - Command exited with return code 2
[2025-04-17T11:55:40.516+0000] {taskinstance.py:3311} ERROR - Task failed with exception
Traceback (most recent call last):
  File "/home/airflow/.local/lib/python3.12/site-packages/airflow/models/taskinstance.py", line 767, in _execute_task
    result = _execute_callable(context=context, **execute_callable_kwargs)
             ^^^^^^^^^^^^^^^^^^^^^^^^^^^^^^^^^^^^^^^^^^^^^^^^^^^^^^^^^^^^^
  File "/home/airflow/.local/lib/python3.12/site-packages/airflow/models/taskinstance.py", line 733, in _execute_callable
    return ExecutionCallableRunner(
           ^^^^^^^^^^^^^^^^^^^^^^^^
  File "/home/airflow/.local/lib/python3.12/site-packages/airflow/utils/operator_helpers.py", line 252, in run
    return self.func(*args, **kwargs)
           ^^^^^^^^^^^^^^^^^^^^^^^^^^
  File "/home/airflow/.local/lib/python3.12/site-packages/airflow/models/baseoperator.py", line 422, in wrapper
    return func(self, *args, **kwargs)
           ^^^^^^^^^^^^^^^^^^^^^^^^^^^
  File "/home/airflow/.local/lib/python3.12/site-packages/airflow/operators/bash.py", line 276, in execute
    raise AirflowException(
airflow.exceptions.AirflowException: Bash command failed. The command returned a non-zero exit code 2.
[2025-04-17T11:55:40.521+0000] {taskinstance.py:1225} INFO - Marking task as FAILED. dag_id=full_pipeline, task_id=extract_yellow, run_id=scheduled__2025-04-17T10:00:00+00:00, execution_date=20250417T100000, start_date=20250417T115539, end_date=20250417T115540
[2025-04-17T11:55:40.544+0000] {taskinstance.py:340} INFO - ::group::Post task execution logs
[2025-04-17T11:55:40.545+0000] {standard_task_runner.py:124} ERROR - Failed to execute job 831 for task extract_yellow (Bash command failed. The command returned a non-zero exit code 2.; 277)
Traceback (most recent call last):
  File "/home/airflow/.local/lib/python3.12/site-packages/airflow/task/task_runner/standard_task_runner.py", line 117, in _start_by_fork
    ret = args.func(args, dag=self.dag)
          ^^^^^^^^^^^^^^^^^^^^^^^^^^^^^
  File "/home/airflow/.local/lib/python3.12/site-packages/airflow/cli/cli_config.py", line 49, in command
    return func(*args, **kwargs)
           ^^^^^^^^^^^^^^^^^^^^^
  File "/home/airflow/.local/lib/python3.12/site-packages/airflow/utils/cli.py", line 116, in wrapper
    return f(*args, **kwargs)
           ^^^^^^^^^^^^^^^^^^
  File "/home/airflow/.local/lib/python3.12/site-packages/airflow/cli/commands/task_command.py", line 483, in task_run
    task_return_code = _run_task_by_selected_method(args, _dag, ti)
                       ^^^^^^^^^^^^^^^^^^^^^^^^^^^^^^^^^^^^^^^^^^^^
  File "/home/airflow/.local/lib/python3.12/site-packages/airflow/cli/commands/task_command.py", line 256, in _run_task_by_selected_method
    return _run_raw_task(args, ti)
           ^^^^^^^^^^^^^^^^^^^^^^^
  File "/home/airflow/.local/lib/python3.12/site-packages/airflow/cli/commands/task_command.py", line 341, in _run_raw_task
    return ti._run_raw_task(
           ^^^^^^^^^^^^^^^^^
  File "/home/airflow/.local/lib/python3.12/site-packages/airflow/utils/session.py", line 97, in wrapper
    return func(*args, session=session, **kwargs)
           ^^^^^^^^^^^^^^^^^^^^^^^^^^^^^^^^^^^^^^
  File "/home/airflow/.local/lib/python3.12/site-packages/airflow/models/taskinstance.py", line 3005, in _run_raw_task
    return _run_raw_task(
           ^^^^^^^^^^^^^^
  File "/home/airflow/.local/lib/python3.12/site-packages/airflow/models/taskinstance.py", line 273, in _run_raw_task
    TaskInstance._execute_task_with_callbacks(
  File "/home/airflow/.local/lib/python3.12/site-packages/airflow/models/taskinstance.py", line 3159, in _execute_task_with_callbacks
    result = self._execute_task(context, task_orig)
             ^^^^^^^^^^^^^^^^^^^^^^^^^^^^^^^^^^^^^^
  File "/home/airflow/.local/lib/python3.12/site-packages/airflow/models/taskinstance.py", line 3183, in _execute_task
    return _execute_task(self, context, task_orig)
           ^^^^^^^^^^^^^^^^^^^^^^^^^^^^^^^^^^^^^^^
  File "/home/airflow/.local/lib/python3.12/site-packages/airflow/models/taskinstance.py", line 767, in _execute_task
    result = _execute_callable(context=context, **execute_callable_kwargs)
             ^^^^^^^^^^^^^^^^^^^^^^^^^^^^^^^^^^^^^^^^^^^^^^^^^^^^^^^^^^^^^
  File "/home/airflow/.local/lib/python3.12/site-packages/airflow/models/taskinstance.py", line 733, in _execute_callable
    return ExecutionCallableRunner(
           ^^^^^^^^^^^^^^^^^^^^^^^^
  File "/home/airflow/.local/lib/python3.12/site-packages/airflow/utils/operator_helpers.py", line 252, in run
    return self.func(*args, **kwargs)
           ^^^^^^^^^^^^^^^^^^^^^^^^^^
  File "/home/airflow/.local/lib/python3.12/site-packages/airflow/models/baseoperator.py", line 422, in wrapper
    return func(self, *args, **kwargs)
           ^^^^^^^^^^^^^^^^^^^^^^^^^^^
  File "/home/airflow/.local/lib/python3.12/site-packages/airflow/operators/bash.py", line 276, in execute
    raise AirflowException(
airflow.exceptions.AirflowException: Bash command failed. The command returned a non-zero exit code 2.
[2025-04-17T11:55:40.562+0000] {local_task_job_runner.py:266} INFO - Task exited with return code 1
[2025-04-17T11:55:40.627+0000] {taskinstance.py:3895} INFO - 0 downstream tasks scheduled from follow-on schedule check
[2025-04-17T11:55:40.634+0000] {local_task_job_runner.py:245} INFO - ::endgroup::
[2025-04-17T12:02:34.701+0000] {local_task_job_runner.py:123} INFO - ::group::Pre task execution logs
[2025-04-17T12:02:34.751+0000] {taskinstance.py:2613} INFO - Dependencies all met for dep_context=non-requeueable deps ti=<TaskInstance: full_pipeline.extract_yellow scheduled__2025-04-17T10:00:00+00:00 [queued]>
[2025-04-17T12:02:34.765+0000] {taskinstance.py:2613} INFO - Dependencies all met for dep_context=requeueable deps ti=<TaskInstance: full_pipeline.extract_yellow scheduled__2025-04-17T10:00:00+00:00 [queued]>
[2025-04-17T12:02:34.765+0000] {taskinstance.py:2866} INFO - Starting attempt 2 of 2
[2025-04-17T12:02:34.781+0000] {taskinstance.py:2889} INFO - Executing <Task(BashOperator): extract_yellow> on 2025-04-17 10:00:00+00:00
[2025-04-17T12:02:34.786+0000] {standard_task_runner.py:72} INFO - Started process 240 to run task
[2025-04-17T12:02:34.791+0000] {standard_task_runner.py:104} INFO - Running: ['airflow', 'tasks', 'run', 'full_pipeline', 'extract_yellow', 'scheduled__2025-04-17T10:00:00+00:00', '--job-id', '847', '--raw', '--subdir', 'DAGS_FOLDER/full_pipeline_dag.py', '--cfg-path', '/tmp/tmp67lhx9r1']
[2025-04-17T12:02:34.794+0000] {standard_task_runner.py:105} INFO - Job 847: Subtask extract_yellow
[2025-04-17T12:02:34.953+0000] {task_command.py:467} INFO - Running <TaskInstance: full_pipeline.extract_yellow scheduled__2025-04-17T10:00:00+00:00 [running]> on host 3988cbd5836a
[2025-04-17T12:02:35.252+0000] {taskinstance.py:3132} INFO - Exporting env vars: AIRFLOW_CTX_DAG_OWNER='data_team' AIRFLOW_CTX_DAG_ID='full_pipeline' AIRFLOW_CTX_TASK_ID='extract_yellow' AIRFLOW_CTX_EXECUTION_DATE='2025-04-17T10:00:00+00:00' AIRFLOW_CTX_TRY_NUMBER='2' AIRFLOW_CTX_DAG_RUN_ID='scheduled__2025-04-17T10:00:00+00:00'
[2025-04-17T12:02:35.253+0000] {taskinstance.py:731} INFO - ::endgroup::
[2025-04-17T12:02:35.269+0000] {subprocess.py:78} INFO - Tmp dir root location: /tmp
[2025-04-17T12:02:35.271+0000] {subprocess.py:88} INFO - Running command: ['/usr/bin/bash', '-c', 'python /opt/airflow/pipeline/extract/fetch_yellow_trip.py']
[2025-04-17T12:02:35.277+0000] {subprocess.py:99} INFO - Output:
[2025-04-17T12:07:44.654+0000] {subprocess.py:106} INFO - Traceback (most recent call last):
[2025-04-17T12:07:44.656+0000] {subprocess.py:106} INFO -   File "/home/airflow/.local/lib/python3.12/site-packages/urllib3/connection.py", line 199, in _new_conn
[2025-04-17T12:07:44.656+0000] {subprocess.py:106} INFO -     sock = connection.create_connection(
[2025-04-17T12:07:44.656+0000] {subprocess.py:106} INFO -            ^^^^^^^^^^^^^^^^^^^^^^^^^^^^^
[2025-04-17T12:07:44.656+0000] {subprocess.py:106} INFO -   File "/home/airflow/.local/lib/python3.12/site-packages/urllib3/util/connection.py", line 85, in create_connection
[2025-04-17T12:07:44.657+0000] {subprocess.py:106} INFO -     raise err
[2025-04-17T12:07:44.657+0000] {subprocess.py:106} INFO -   File "/home/airflow/.local/lib/python3.12/site-packages/urllib3/util/connection.py", line 73, in create_connection
[2025-04-17T12:07:44.657+0000] {subprocess.py:106} INFO -     sock.connect(sa)
[2025-04-17T12:07:44.658+0000] {subprocess.py:106} INFO - TimeoutError: timed out
[2025-04-17T12:07:44.658+0000] {subprocess.py:106} INFO - 
[2025-04-17T12:07:44.658+0000] {subprocess.py:106} INFO - The above exception was the direct cause of the following exception:
[2025-04-17T12:07:44.659+0000] {subprocess.py:106} INFO - 
[2025-04-17T12:07:44.659+0000] {subprocess.py:106} INFO - Traceback (most recent call last):
[2025-04-17T12:07:44.660+0000] {subprocess.py:106} INFO -   File "/home/airflow/.local/lib/python3.12/site-packages/botocore/httpsession.py", line 464, in send
[2025-04-17T12:07:44.660+0000] {subprocess.py:106} INFO -     urllib_response = conn.urlopen(
[2025-04-17T12:07:44.660+0000] {subprocess.py:106} INFO -                       ^^^^^^^^^^^^^
[2025-04-17T12:07:44.661+0000] {subprocess.py:106} INFO -   File "/home/airflow/.local/lib/python3.12/site-packages/urllib3/connectionpool.py", line 843, in urlopen
[2025-04-17T12:07:44.661+0000] {subprocess.py:106} INFO -     retries = retries.increment(
[2025-04-17T12:07:44.661+0000] {subprocess.py:106} INFO -               ^^^^^^^^^^^^^^^^^^
[2025-04-17T12:07:44.662+0000] {subprocess.py:106} INFO -   File "/home/airflow/.local/lib/python3.12/site-packages/urllib3/util/retry.py", line 449, in increment
[2025-04-17T12:07:44.662+0000] {subprocess.py:106} INFO -     raise reraise(type(error), error, _stacktrace)
[2025-04-17T12:07:44.662+0000] {subprocess.py:106} INFO -           ^^^^^^^^^^^^^^^^^^^^^^^^^^^^^^^^^^^^^^^^
[2025-04-17T12:07:44.663+0000] {subprocess.py:106} INFO -   File "/home/airflow/.local/lib/python3.12/site-packages/urllib3/util/util.py", line 39, in reraise
[2025-04-17T12:07:44.663+0000] {subprocess.py:106} INFO -     raise value
[2025-04-17T12:07:44.664+0000] {subprocess.py:106} INFO -   File "/home/airflow/.local/lib/python3.12/site-packages/urllib3/connectionpool.py", line 789, in urlopen
[2025-04-17T12:07:44.664+0000] {subprocess.py:106} INFO -     response = self._make_request(
[2025-04-17T12:07:44.665+0000] {subprocess.py:106} INFO -                ^^^^^^^^^^^^^^^^^^^
[2025-04-17T12:07:44.665+0000] {subprocess.py:106} INFO -   File "/home/airflow/.local/lib/python3.12/site-packages/urllib3/connectionpool.py", line 495, in _make_request
[2025-04-17T12:07:44.665+0000] {subprocess.py:106} INFO -     conn.request(
[2025-04-17T12:07:44.666+0000] {subprocess.py:106} INFO -   File "/home/airflow/.local/lib/python3.12/site-packages/botocore/awsrequest.py", line 96, in request
[2025-04-17T12:07:44.666+0000] {subprocess.py:106} INFO -     rval = super().request(method, url, body, headers, *args, **kwargs)
[2025-04-17T12:07:44.666+0000] {subprocess.py:106} INFO -            ^^^^^^^^^^^^^^^^^^^^^^^^^^^^^^^^^^^^^^^^^^^^^^^^^^^^^^^^^^^^
[2025-04-17T12:07:44.667+0000] {subprocess.py:106} INFO -   File "/home/airflow/.local/lib/python3.12/site-packages/urllib3/connection.py", line 441, in request
[2025-04-17T12:07:44.667+0000] {subprocess.py:106} INFO -     self.endheaders()
[2025-04-17T12:07:44.667+0000] {subprocess.py:106} INFO -   File "/usr/local/lib/python3.12/http/client.py", line 1331, in endheaders
[2025-04-17T12:07:44.667+0000] {subprocess.py:106} INFO -     self._send_output(message_body, encode_chunked=encode_chunked)
[2025-04-17T12:07:44.668+0000] {subprocess.py:106} INFO -   File "/home/airflow/.local/lib/python3.12/site-packages/botocore/awsrequest.py", line 123, in _send_output
[2025-04-17T12:07:44.668+0000] {subprocess.py:106} INFO -     self.send(msg)
[2025-04-17T12:07:44.668+0000] {subprocess.py:106} INFO -   File "/home/airflow/.local/lib/python3.12/site-packages/botocore/awsrequest.py", line 223, in send
[2025-04-17T12:07:44.668+0000] {subprocess.py:106} INFO -     return super().send(str)
[2025-04-17T12:07:44.669+0000] {subprocess.py:106} INFO -            ^^^^^^^^^^^^^^^^^
[2025-04-17T12:07:44.669+0000] {subprocess.py:106} INFO -   File "/usr/local/lib/python3.12/http/client.py", line 1035, in send
[2025-04-17T12:07:44.669+0000] {subprocess.py:106} INFO -     self.connect()
[2025-04-17T12:07:44.670+0000] {subprocess.py:106} INFO -   File "/home/airflow/.local/lib/python3.12/site-packages/urllib3/connection.py", line 279, in connect
[2025-04-17T12:07:44.670+0000] {subprocess.py:106} INFO -     self.sock = self._new_conn()
[2025-04-17T12:07:44.670+0000] {subprocess.py:106} INFO -                 ^^^^^^^^^^^^^^^^
[2025-04-17T12:07:44.670+0000] {subprocess.py:106} INFO -   File "/home/airflow/.local/lib/python3.12/site-packages/urllib3/connection.py", line 208, in _new_conn
[2025-04-17T12:07:44.670+0000] {subprocess.py:106} INFO -     raise ConnectTimeoutError(
[2025-04-17T12:07:44.671+0000] {subprocess.py:106} INFO - urllib3.exceptions.ConnectTimeoutError: (<botocore.awsrequest.AWSHTTPConnection object at 0x7fb0d984a6c0>, 'Connection to 172.17.16.1 timed out. (connect timeout=60)')
[2025-04-17T12:07:44.671+0000] {subprocess.py:106} INFO - 
[2025-04-17T12:07:44.671+0000] {subprocess.py:106} INFO - During handling of the above exception, another exception occurred:
[2025-04-17T12:07:44.671+0000] {subprocess.py:106} INFO - 
[2025-04-17T12:07:44.672+0000] {subprocess.py:106} INFO - Traceback (most recent call last):
[2025-04-17T12:07:44.672+0000] {subprocess.py:106} INFO -   File "/opt/airflow/pipeline/extract/fetch_yellow_trip.py", line 26, in <module>
[2025-04-17T12:07:44.672+0000] {subprocess.py:106} INFO -     upload_to_minio(
[2025-04-17T12:07:44.673+0000] {subprocess.py:106} INFO -   File "/opt/airflow/pipeline/extract/fetch_yellow_trip.py", line 17, in upload_to_minio
[2025-04-17T12:07:44.673+0000] {subprocess.py:106} INFO -     buckets = [bucket['Name'] for bucket in s3.list_buckets()['Buckets']]
[2025-04-17T12:07:44.673+0000] {subprocess.py:106} INFO -                                             ^^^^^^^^^^^^^^^^^
[2025-04-17T12:07:44.673+0000] {subprocess.py:106} INFO -   File "/home/airflow/.local/lib/python3.12/site-packages/botocore/client.py", line 569, in _api_call
[2025-04-17T12:07:44.674+0000] {subprocess.py:106} INFO -     return self._make_api_call(operation_name, kwargs)
[2025-04-17T12:07:44.674+0000] {subprocess.py:106} INFO -            ^^^^^^^^^^^^^^^^^^^^^^^^^^^^^^^^^^^^^^^^^^^
[2025-04-17T12:07:44.674+0000] {subprocess.py:106} INFO -   File "/home/airflow/.local/lib/python3.12/site-packages/botocore/client.py", line 1005, in _make_api_call
[2025-04-17T12:07:44.675+0000] {subprocess.py:106} INFO -     http, parsed_response = self._make_request(
[2025-04-17T12:07:44.675+0000] {subprocess.py:106} INFO -                             ^^^^^^^^^^^^^^^^^^^
[2025-04-17T12:07:44.675+0000] {subprocess.py:106} INFO -   File "/home/airflow/.local/lib/python3.12/site-packages/botocore/client.py", line 1029, in _make_request
[2025-04-17T12:07:44.675+0000] {subprocess.py:106} INFO -     return self._endpoint.make_request(operation_model, request_dict)
[2025-04-17T12:07:44.676+0000] {subprocess.py:106} INFO -            ^^^^^^^^^^^^^^^^^^^^^^^^^^^^^^^^^^^^^^^^^^^^^^^^^^^^^^^^^^
[2025-04-17T12:07:44.676+0000] {subprocess.py:106} INFO -   File "/home/airflow/.local/lib/python3.12/site-packages/botocore/endpoint.py", line 119, in make_request
[2025-04-17T12:07:44.676+0000] {subprocess.py:106} INFO -     return self._send_request(request_dict, operation_model)
[2025-04-17T12:07:44.677+0000] {subprocess.py:106} INFO -            ^^^^^^^^^^^^^^^^^^^^^^^^^^^^^^^^^^^^^^^^^^^^^^^^^
[2025-04-17T12:07:44.677+0000] {subprocess.py:106} INFO -   File "/home/airflow/.local/lib/python3.12/site-packages/botocore/endpoint.py", line 200, in _send_request
[2025-04-17T12:07:44.677+0000] {subprocess.py:106} INFO -     while self._needs_retry(
[2025-04-17T12:07:44.677+0000] {subprocess.py:106} INFO -           ^^^^^^^^^^^^^^^^^^
[2025-04-17T12:07:44.678+0000] {subprocess.py:106} INFO -   File "/home/airflow/.local/lib/python3.12/site-packages/botocore/endpoint.py", line 360, in _needs_retry
[2025-04-17T12:07:44.678+0000] {subprocess.py:106} INFO -     responses = self._event_emitter.emit(
[2025-04-17T12:07:44.678+0000] {subprocess.py:106} INFO -                 ^^^^^^^^^^^^^^^^^^^^^^^^^
[2025-04-17T12:07:44.678+0000] {subprocess.py:106} INFO -   File "/home/airflow/.local/lib/python3.12/site-packages/botocore/hooks.py", line 412, in emit
[2025-04-17T12:07:44.679+0000] {subprocess.py:106} INFO -     return self._emitter.emit(aliased_event_name, **kwargs)
[2025-04-17T12:07:44.679+0000] {subprocess.py:106} INFO -            ^^^^^^^^^^^^^^^^^^^^^^^^^^^^^^^^^^^^^^^^^^^^^^^^
[2025-04-17T12:07:44.679+0000] {subprocess.py:106} INFO -   File "/home/airflow/.local/lib/python3.12/site-packages/botocore/hooks.py", line 256, in emit
[2025-04-17T12:07:44.680+0000] {subprocess.py:106} INFO -     return self._emit(event_name, kwargs)
[2025-04-17T12:07:44.680+0000] {subprocess.py:106} INFO -            ^^^^^^^^^^^^^^^^^^^^^^^^^^^^^^
[2025-04-17T12:07:44.680+0000] {subprocess.py:106} INFO -   File "/home/airflow/.local/lib/python3.12/site-packages/botocore/hooks.py", line 239, in _emit
[2025-04-17T12:07:44.681+0000] {subprocess.py:106} INFO -     response = handler(**kwargs)
[2025-04-17T12:07:44.681+0000] {subprocess.py:106} INFO -                ^^^^^^^^^^^^^^^^^
[2025-04-17T12:07:44.681+0000] {subprocess.py:106} INFO -   File "/home/airflow/.local/lib/python3.12/site-packages/botocore/retryhandler.py", line 207, in __call__
[2025-04-17T12:07:44.682+0000] {subprocess.py:106} INFO -     if self._checker(**checker_kwargs):
[2025-04-17T12:07:44.682+0000] {subprocess.py:106} INFO -        ^^^^^^^^^^^^^^^^^^^^^^^^^^^^^^^
[2025-04-17T12:07:44.682+0000] {subprocess.py:106} INFO -   File "/home/airflow/.local/lib/python3.12/site-packages/botocore/retryhandler.py", line 284, in __call__
[2025-04-17T12:07:44.682+0000] {subprocess.py:106} INFO -     should_retry = self._should_retry(
[2025-04-17T12:07:44.683+0000] {subprocess.py:106} INFO -                    ^^^^^^^^^^^^^^^^^^^
[2025-04-17T12:07:44.683+0000] {subprocess.py:106} INFO -   File "/home/airflow/.local/lib/python3.12/site-packages/botocore/retryhandler.py", line 320, in _should_retry
[2025-04-17T12:07:44.684+0000] {subprocess.py:106} INFO -     return self._checker(attempt_number, response, caught_exception)
[2025-04-17T12:07:44.684+0000] {subprocess.py:106} INFO -            ^^^^^^^^^^^^^^^^^^^^^^^^^^^^^^^^^^^^^^^^^^^^^^^^^^^^^^^^^
[2025-04-17T12:07:44.684+0000] {subprocess.py:106} INFO -   File "/home/airflow/.local/lib/python3.12/site-packages/botocore/retryhandler.py", line 363, in __call__
[2025-04-17T12:07:44.685+0000] {subprocess.py:106} INFO -     checker_response = checker(
[2025-04-17T12:07:44.685+0000] {subprocess.py:106} INFO -                        ^^^^^^^^
[2025-04-17T12:07:44.685+0000] {subprocess.py:106} INFO -   File "/home/airflow/.local/lib/python3.12/site-packages/botocore/retryhandler.py", line 247, in __call__
[2025-04-17T12:07:44.685+0000] {subprocess.py:106} INFO -     return self._check_caught_exception(
[2025-04-17T12:07:44.686+0000] {subprocess.py:106} INFO -            ^^^^^^^^^^^^^^^^^^^^^^^^^^^^^
[2025-04-17T12:07:44.686+0000] {subprocess.py:106} INFO -   File "/home/airflow/.local/lib/python3.12/site-packages/botocore/retryhandler.py", line 416, in _check_caught_exception
[2025-04-17T12:07:44.687+0000] {subprocess.py:106} INFO -     raise caught_exception
[2025-04-17T12:07:44.687+0000] {subprocess.py:106} INFO -   File "/home/airflow/.local/lib/python3.12/site-packages/botocore/endpoint.py", line 279, in _do_get_response
[2025-04-17T12:07:44.687+0000] {subprocess.py:106} INFO -     http_response = self._send(request)
[2025-04-17T12:07:44.688+0000] {subprocess.py:106} INFO -                     ^^^^^^^^^^^^^^^^^^^
[2025-04-17T12:07:44.688+0000] {subprocess.py:106} INFO -   File "/home/airflow/.local/lib/python3.12/site-packages/botocore/endpoint.py", line 383, in _send
[2025-04-17T12:07:44.688+0000] {subprocess.py:106} INFO -     return self.http_session.send(request)
[2025-04-17T12:07:44.688+0000] {subprocess.py:106} INFO -            ^^^^^^^^^^^^^^^^^^^^^^^^^^^^^^^
[2025-04-17T12:07:44.689+0000] {subprocess.py:106} INFO -   File "/home/airflow/.local/lib/python3.12/site-packages/botocore/httpsession.py", line 499, in send
[2025-04-17T12:07:44.689+0000] {subprocess.py:106} INFO -     raise ConnectTimeoutError(endpoint_url=request.url, error=e)
[2025-04-17T12:07:44.689+0000] {subprocess.py:106} INFO - botocore.exceptions.ConnectTimeoutError: Connect timeout on endpoint URL: "http://172.17.16.1:9002/"
[2025-04-17T12:07:44.766+0000] {subprocess.py:110} INFO - Command exited with return code 1
[2025-04-17T12:07:44.812+0000] {taskinstance.py:3311} ERROR - Task failed with exception
Traceback (most recent call last):
  File "/home/airflow/.local/lib/python3.12/site-packages/airflow/models/taskinstance.py", line 767, in _execute_task
    result = _execute_callable(context=context, **execute_callable_kwargs)
             ^^^^^^^^^^^^^^^^^^^^^^^^^^^^^^^^^^^^^^^^^^^^^^^^^^^^^^^^^^^^^
  File "/home/airflow/.local/lib/python3.12/site-packages/airflow/models/taskinstance.py", line 733, in _execute_callable
    return ExecutionCallableRunner(
           ^^^^^^^^^^^^^^^^^^^^^^^^
  File "/home/airflow/.local/lib/python3.12/site-packages/airflow/utils/operator_helpers.py", line 252, in run
    return self.func(*args, **kwargs)
           ^^^^^^^^^^^^^^^^^^^^^^^^^^
  File "/home/airflow/.local/lib/python3.12/site-packages/airflow/models/baseoperator.py", line 422, in wrapper
    return func(self, *args, **kwargs)
           ^^^^^^^^^^^^^^^^^^^^^^^^^^^
  File "/home/airflow/.local/lib/python3.12/site-packages/airflow/operators/bash.py", line 276, in execute
    raise AirflowException(
airflow.exceptions.AirflowException: Bash command failed. The command returned a non-zero exit code 1.
[2025-04-17T12:07:44.821+0000] {taskinstance.py:1225} INFO - Marking task as FAILED. dag_id=full_pipeline, task_id=extract_yellow, run_id=scheduled__2025-04-17T10:00:00+00:00, execution_date=20250417T100000, start_date=20250417T120234, end_date=20250417T120744
[2025-04-17T12:07:44.844+0000] {taskinstance.py:340} INFO - ::group::Post task execution logs
[2025-04-17T12:07:44.845+0000] {standard_task_runner.py:124} ERROR - Failed to execute job 847 for task extract_yellow (Bash command failed. The command returned a non-zero exit code 1.; 240)
Traceback (most recent call last):
  File "/home/airflow/.local/lib/python3.12/site-packages/airflow/task/task_runner/standard_task_runner.py", line 117, in _start_by_fork
    ret = args.func(args, dag=self.dag)
          ^^^^^^^^^^^^^^^^^^^^^^^^^^^^^
  File "/home/airflow/.local/lib/python3.12/site-packages/airflow/cli/cli_config.py", line 49, in command
    return func(*args, **kwargs)
           ^^^^^^^^^^^^^^^^^^^^^
  File "/home/airflow/.local/lib/python3.12/site-packages/airflow/utils/cli.py", line 116, in wrapper
    return f(*args, **kwargs)
           ^^^^^^^^^^^^^^^^^^
  File "/home/airflow/.local/lib/python3.12/site-packages/airflow/cli/commands/task_command.py", line 483, in task_run
    task_return_code = _run_task_by_selected_method(args, _dag, ti)
                       ^^^^^^^^^^^^^^^^^^^^^^^^^^^^^^^^^^^^^^^^^^^^
  File "/home/airflow/.local/lib/python3.12/site-packages/airflow/cli/commands/task_command.py", line 256, in _run_task_by_selected_method
    return _run_raw_task(args, ti)
           ^^^^^^^^^^^^^^^^^^^^^^^
  File "/home/airflow/.local/lib/python3.12/site-packages/airflow/cli/commands/task_command.py", line 341, in _run_raw_task
    return ti._run_raw_task(
           ^^^^^^^^^^^^^^^^^
  File "/home/airflow/.local/lib/python3.12/site-packages/airflow/utils/session.py", line 97, in wrapper
    return func(*args, session=session, **kwargs)
           ^^^^^^^^^^^^^^^^^^^^^^^^^^^^^^^^^^^^^^
  File "/home/airflow/.local/lib/python3.12/site-packages/airflow/models/taskinstance.py", line 3005, in _run_raw_task
    return _run_raw_task(
           ^^^^^^^^^^^^^^
  File "/home/airflow/.local/lib/python3.12/site-packages/airflow/models/taskinstance.py", line 273, in _run_raw_task
    TaskInstance._execute_task_with_callbacks(
  File "/home/airflow/.local/lib/python3.12/site-packages/airflow/models/taskinstance.py", line 3159, in _execute_task_with_callbacks
    result = self._execute_task(context, task_orig)
             ^^^^^^^^^^^^^^^^^^^^^^^^^^^^^^^^^^^^^^
  File "/home/airflow/.local/lib/python3.12/site-packages/airflow/models/taskinstance.py", line 3183, in _execute_task
    return _execute_task(self, context, task_orig)
           ^^^^^^^^^^^^^^^^^^^^^^^^^^^^^^^^^^^^^^^
  File "/home/airflow/.local/lib/python3.12/site-packages/airflow/models/taskinstance.py", line 767, in _execute_task
    result = _execute_callable(context=context, **execute_callable_kwargs)
             ^^^^^^^^^^^^^^^^^^^^^^^^^^^^^^^^^^^^^^^^^^^^^^^^^^^^^^^^^^^^^
  File "/home/airflow/.local/lib/python3.12/site-packages/airflow/models/taskinstance.py", line 733, in _execute_callable
    return ExecutionCallableRunner(
           ^^^^^^^^^^^^^^^^^^^^^^^^
  File "/home/airflow/.local/lib/python3.12/site-packages/airflow/utils/operator_helpers.py", line 252, in run
    return self.func(*args, **kwargs)
           ^^^^^^^^^^^^^^^^^^^^^^^^^^
  File "/home/airflow/.local/lib/python3.12/site-packages/airflow/models/baseoperator.py", line 422, in wrapper
    return func(self, *args, **kwargs)
           ^^^^^^^^^^^^^^^^^^^^^^^^^^^
  File "/home/airflow/.local/lib/python3.12/site-packages/airflow/operators/bash.py", line 276, in execute
    raise AirflowException(
airflow.exceptions.AirflowException: Bash command failed. The command returned a non-zero exit code 1.
[2025-04-17T12:07:44.867+0000] {local_task_job_runner.py:266} INFO - Task exited with return code 1
[2025-04-17T12:07:44.925+0000] {taskinstance.py:3895} INFO - 0 downstream tasks scheduled from follow-on schedule check
[2025-04-17T12:07:44.932+0000] {local_task_job_runner.py:245} INFO - ::endgroup::
